Using pre-set license
Built from '2020.3/release' branch; Version is '2020.3.1f1 (77a89f25062f) revision 7841951'; Using compiler version '192528614'; Build Type 'Release'
OS: 'Windows 10 Pro; OS build 19041.1052; Version 2004; 64bit' Language: 'tr' Physical Memory: 8141 MB
BatchMode: 1, IsHumanControllingUs: 0, StartBugReporterOnCrash: 0, Is64bit: 1, IsPro: 0

 COMMAND LINE ARGUMENTS:
C:\Program Files\Unity\Hub\Editor\2020.3.1f1\Editor\Unity.exe
-adb2
-batchMode
-noUpm
-name
AssetImportWorker0
-projectPath
C:/Unity/games/Slide A Ball
-logFile
Logs/AssetImportWorker0.log
-srvPort
62123
Successfully changed project path to: C:/Unity/games/Slide A Ball
C:/Unity/games/Slide A Ball
Using Asset Import Pipeline V2.
Refreshing native plugins compatible for Editor in 40.34 ms, found 0 plugins.
Preloading 0 native plugins for Editor in 0.00 ms.
Initialize engine version: 2020.3.1f1 (77a89f25062f)
[Subsystems] Discovering subsystems at path C:/Program Files/Unity/Hub/Editor/2020.3.1f1/Editor/Data/Resources/UnitySubsystems
[Subsystems] Discovering subsystems at path C:/Unity/games/Slide A Ball/Assets
GfxDevice: creating device client; threaded=0
Direct3D:
    Version:  Direct3D 11.0 [level 11.0]
    Renderer: NVIDIA GeForce GTX 750 Ti (ID=0x1380)
    Vendor:   
    VRAM:     2007 MB
    Driver:   27.21.14.6109
Initialize mono
Mono path[0] = 'C:/Program Files/Unity/Hub/Editor/2020.3.1f1/Editor/Data/Managed'
Mono path[1] = 'C:/Program Files/Unity/Hub/Editor/2020.3.1f1/Editor/Data/MonoBleedingEdge/lib/mono/unityjit'
Mono config path = 'C:/Program Files/Unity/Hub/Editor/2020.3.1f1/Editor/Data/MonoBleedingEdge/etc'
Using monoOptions --debugger-agent=transport=dt_socket,embedding=1,server=y,suspend=n,address=127.0.0.1:56596
Begin MonoManager ReloadAssembly
Registering precompiled unity dll's ...
Register platform support module: C:/Program Files/Unity/Hub/Editor/2020.3.1f1/Editor/Data/PlaybackEngines/WebGLSupport/UnityEditor.WebGL.Extensions.dll
Register platform support module: C:/Program Files/Unity/Hub/Editor/2020.3.1f1/Editor/Data/PlaybackEngines/WindowsStandaloneSupport/UnityEditor.WindowsStandalone.Extensions.dll
Registered in 0.004590 seconds.
Native extension for WindowsStandalone target not found
Native extension for WebGL target not found
Refreshing native plugins compatible for Editor in 40.43 ms, found 0 plugins.
Preloading 0 native plugins for Editor in 0.00 ms.
Invoked RoslynAnalysisRunner static constructor.
RoslynAnalysisRunner will not be running.
RoslynAnalysisRunner has terminated.
Mono: successfully reloaded assembly
- Completed reload, in  3.113 seconds
Platform modules already initialized, skipping
Registering precompiled user dll's ...
Registered in 0.001067 seconds.
Begin MonoManager ReloadAssembly
Native extension for WindowsStandalone target not found
Native extension for WebGL target not found
Refreshing native plugins compatible for Editor in 0.30 ms, found 0 plugins.
Preloading 0 native plugins for Editor in 0.00 ms.
Invoked RoslynAnalysisRunner static constructor.
RoslynAnalysisRunner will not be running.
RoslynAnalysisRunner has terminated.
Mono: successfully reloaded assembly
- Completed reload, in  1.294 seconds
Platform modules already initialized, skipping
========================================================================
Worker process is ready to serve import requests
Launched and connected shader compiler UnityShaderCompiler.exe after 0.07 seconds
Refreshing native plugins compatible for Editor in 0.29 ms, found 0 plugins.
Preloading 0 native plugins for Editor in 0.00 ms.
Unloading 1150 Unused Serialized files (Serialized files now loaded: 0)
System memory in use before: 60.7 MB.
System memory in use after: 60.7 MB.

Unloading 9 unused Assets to reduce memory usage. Loaded Objects now: 1599.
Total: 3.014900 ms (FindLiveObjects: 0.332500 ms CreateObjectMapping: 0.104900 ms MarkObjects: 2.462300 ms  DeleteObjects: 0.113000 ms)

========================================================================
Received Import Request.
  path: Assets/Scripts/GameManager.cs
  artifactKey: Guid(139ad5665a396b843b6f7654516c9db8) Importer(815301076,1909f56bfc062723c751e8b465ee728b)
Start importing Assets/Scripts/GameManager.cs using Guid(139ad5665a396b843b6f7654516c9db8) Importer(815301076,1909f56bfc062723c751e8b465ee728b)  -> (artifact id: '3a1f177d3eb2a6509c435d8d88ffde0b') in 0.045353 seconds
  Import took 0.048197 seconds .

========================================================================
Received Import Request.
  Time since last request: 0.000269 seconds.
  path: Assets/Scripts/Skin
  artifactKey: Guid(12cf972b77f6f654facdfab1c791256e) Importer(815301076,1909f56bfc062723c751e8b465ee728b)
Start importing Assets/Scripts/Skin using Guid(12cf972b77f6f654facdfab1c791256e) Importer(815301076,1909f56bfc062723c751e8b465ee728b)  -> (artifact id: 'de688ac15da234c18bfa724cd53092dd') in 0.011388 seconds
  Import took 0.014480 seconds .

========================================================================
Received Import Request.
  Time since last request: 2.587561 seconds.
  path: Assets/Scripts/Skin/SkinManager.cs
  artifactKey: Guid(439918d1598342044b508c6958dd52d6) Importer(815301076,1909f56bfc062723c751e8b465ee728b)
Start importing Assets/Scripts/Skin/SkinManager.cs using Guid(439918d1598342044b508c6958dd52d6) Importer(815301076,1909f56bfc062723c751e8b465ee728b)  -> (artifact id: 'be096602694cfbfd64eaf3768dcedf81') in 0.009345 seconds
  Import took 0.015017 seconds .

========================================================================
Received Import Request.
  Time since last request: 1.837832 seconds.
  path: Assets/Scripts/Skin/SkinManager.cs
  artifactKey: Guid(439918d1598342044b508c6958dd52d6) Importer(815301076,1909f56bfc062723c751e8b465ee728b)
Start importing Assets/Scripts/Skin/SkinManager.cs using Guid(439918d1598342044b508c6958dd52d6) Importer(815301076,1909f56bfc062723c751e8b465ee728b)  -> (artifact id: 'be096602694cfbfd64eaf3768dcedf81') in 0.003400 seconds
  Import took 0.005990 seconds .

AssetImportWorkerClient::OnTransportError - code=2 error=End of file
